<?xml version="1.0" encoding="UTF-8"?>
<!-- Generated by org.testng.reporters.JUnitReportReporter -->
<testsuite hostname="angler109" name="com.crm.executionEngine.Login_Test" tests="1" failures="0" timestamp="19 Jun 2017 05:49:17 GMT" time="2.610" errors="0">
  <testcase name="Valid_Login_Test" time="2.610" classname="com.crm.executionEngine.Login_Test"/>
</testsuite> <!-- com.crm.executionEngine.Login_Test -->
