<?xml version="1.0" encoding="UTF-8"?>
<!-- Generated by org.testng.reporters.JUnitReportReporter -->
<testsuite hostname="angler109" name="com.crm.executionEngine.NewTest" tests="1" failures="0" timestamp="28 Jul 2017 03:48:58 GMT" time="12.604" errors="0">
  <testcase name="test" time="12.604" classname="com.crm.executionEngine.NewTest"/>
</testsuite> <!-- com.crm.executionEngine.NewTest -->
