<?xml version="1.0" encoding="UTF-8"?>
<!-- Generated by org.testng.reporters.JUnitReportReporter -->
<testsuite hostname="angler109" name="com.crm.executionEngine.NavigationContactMasterExecution" tests="1" failures="0" timestamp="19 Jun 2017 07:52:34 GMT" time="21.055" errors="0">
  <testcase name="ContactMaster" time="21.055" classname="com.crm.executionEngine.NavigationContactMasterExecution"/>
</testsuite> <!-- com.crm.executionEngine.NavigationContactMasterExecution -->
