<?xml version="1.0" encoding="UTF-8"?>
<!-- Generated by org.testng.reporters.JUnitReportReporter -->
<testsuite hostname="angler109" name="com.crm.executionEngine.AddOverseasPage" tests="1" failures="0" timestamp="24 Jun 2017 05:26:09 GMT" time="46.132" errors="0">
  <testcase name="AddOverseas" time="46.132" classname="com.crm.executionEngine.AddOverseasPage"/>
</testsuite> <!-- com.crm.executionEngine.AddOverseasPage -->
