<?xml version="1.0" encoding="UTF-8"?>
<!-- Generated by org.testng.reporters.JUnitReportReporter -->
<testsuite hostname="angler109" name="com.crm.executionEngine.AddAgentPage" tests="1" failures="0" timestamp="24 Jun 2017 05:28:02 GMT" time="46.291" errors="0">
  <testcase name="AddCustomer" time="46.291" classname="com.crm.executionEngine.AddAgentPage"/>
</testsuite> <!-- com.crm.executionEngine.AddAgentPage -->
