<?xml version="1.0" encoding="UTF-8"?>
<!-- Generated by org.testng.reporters.JUnitReportReporter -->
<testsuite skipped="0" hostname="angler109" name="com.crm.executionEngine.AddCustomerPage" tests="1" failures="0" timestamp="05 Aug 2017 09:32:49 GMT" time="34.625" errors="0">
  <testcase name="AddCustomer_Chkreset" time="34.625" classname="com.crm.executionEngine.AddCustomerPage"/>
</testsuite> <!-- com.crm.executionEngine.AddCustomerPage -->
